planewar_android_qt/build-WarOfAircraft_key14-Android-Debug/android-build/build/outputs/logs/manifest-merger-debug-report.txt
-- Merging decision tree log ---
manifest
ADDED from build-WarOfAircraft_key14-Android-Debug\android-build\AndroidManifest.xml:2:1-93:12
INJECTED from build-WarOfAircraft_key14-Android-Debug\android-build\AndroidManifest.xml:2:1-93:12
INJECTED from build-WarOfAircraft_key14-Android-Debug\android-build\AndroidManifest.xml:2:1-93:12
INJECTED from build-WarOfAircraft_key14-Android-Debug\android-build\AndroidManifest.xml:2:1-93:12
INJECTED from build-WarOfAircraft_key14-Android-Debug\android-build\AndroidManifest.xml:2:1-93:12
	package
		ADDED from build-WarOfAircraft_key14-Android-Debug\android-build\AndroidManifest.xml:2:11-42
	android:versionName
		ADDED from build-WarOfAircraft_key14-Android-Debug\android-build\AndroidManifest.xml:2:102-127
		INJECTED from build-WarOfAircraft_key14-Android-Debug\android-build\AndroidManifest.xml
		INJECTED from build-WarOfAircraft_key14-Android-Debug\android-build\AndroidManifest.xml
	xmlns:android
		ADDED from build-WarOfAircraft_key14-Android-Debug\android-build\AndroidManifest.xml:2:43-101
	android:versionCode
		ADDED from build-WarOfAircraft_key14-Android-Debug\android-build\AndroidManifest.xml:2:128-151
		INJECTED from build-WarOfAircraft_key14-Android-Debug\android-build\AndroidManifest.xml
		INJECTED from build-WarOfAircraft_key14-Android-Debug\android-build\AndroidManifest.xml
	android:installLocation
		ADDED from build-WarOfAircraft_key14-Android-Debug\android-build\AndroidManifest.xml:2:152-182
uses-sdk
ADDED from build-WarOfAircraft_key14-Android-Debug\android-build\AndroidManifest.xml:3:5-73
	android:targetSdkVersion
		ADDED from build-WarOfAircraft_key14-Android-Debug\android-build\AndroidManifest.xml:3:42-71
	android:minSdkVersion
		ADDED from build-WarOfAircraft_key14-Android-Debug\android-build\AndroidManifest.xml:3:15-41
uses-permission#android.permission.INTERNET
ADDED from build-WarOfAircraft_key14-Android-Debug\android-build\AndroidManifest.xml:7:5-67
	android:name
		ADDED from build-WarOfAircraft_key14-Android-Debug\android-build\AndroidManifest.xml:7:22-64
uses-permission#android.permission.WRITE_EXTERNAL_STORAGE
ADDED from build-WarOfAircraft_key14-Android-Debug\android-build\AndroidManifest.xml:8:5-81
	android:name
		ADDED from build-WarOfAircraft_key14-Android-Debug\android-build\AndroidManifest.xml:8:22-78
uses-permission#android.permission.ACCESS_NETWORK_STATE
ADDED from build-WarOfAircraft_key14-Android-Debug\android-build\AndroidManifest.xml:9:5-79
	android:name
		ADDED from build-WarOfAircraft_key14-Android-Debug\android-build\AndroidManifest.xml:9:22-76
uses-permission#android.permission.CAMERA
ADDED from build-WarOfAircraft_key14-Android-Debug\android-build\AndroidManifest.xml:10:5-65
	android:name
		ADDED from build-WarOfAircraft_key14-Android-Debug\android-build\AndroidManifest.xml:10:22-62
uses-permission#android.permission.RECORD_AUDIO
ADDED from build-WarOfAircraft_key14-Android-Debug\android-build\AndroidManifest.xml:11:5-71
	android:name
		ADDED from build-WarOfAircraft_key14-Android-Debug\android-build\AndroidManifest.xml:11:22-68
uses-feature#android.hardware.camera
ADDED from build-WarOfAircraft_key14-Android-Debug\android-build\AndroidManifest.xml:15:5-85
	android:required
		ADDED from build-WarOfAircraft_key14-Android-Debug\android-build\AndroidManifest.xml:15:58-82
	android:name
		ADDED from build-WarOfAircraft_key14-Android-Debug\android-build\AndroidManifest.xml:15:19-57
uses-feature#android.hardware.camera.autofocus
ADDED from build-WarOfAircraft_key14-Android-Debug\android-build\AndroidManifest.xml:16:5-95
	android:required
		ADDED from build-WarOfAircraft_key14-Android-Debug\android-build\AndroidManifest.xml:16:68-92
	android:name
		ADDED from build-WarOfAircraft_key14-Android-Debug\android-build\AndroidManifest.xml:16:19-67
uses-feature#android.hardware.microphone
ADDED from build-WarOfAircraft_key14-Android-Debug\android-build\AndroidManifest.xml:17:5-89
	android:required
		ADDED from build-WarOfAircraft_key14-Android-Debug\android-build\AndroidManifest.xml:17:62-86
	android:name
		ADDED from build-WarOfAircraft_key14-Android-Debug\android-build\AndroidManifest.xml:17:19-61
supports-screens
ADDED from build-WarOfAircraft_key14-Android-Debug\android-build\AndroidManifest.xml:19:5-135
	android:largeScreens
		ADDED from build-WarOfAircraft_key14-Android-Debug\android-build\AndroidManifest.xml:19:23-50
	android:smallScreens
		ADDED from build-WarOfAircraft_key14-Android-Debug\android-build\AndroidManifest.xml:19:106-133
	android:normalScreens
		ADDED from build-WarOfAircraft_key14-Android-Debug\android-build\AndroidManifest.xml:19:51-79
	android:anyDensity
		ADDED from build-WarOfAircraft_key14-Android-Debug\android-build\AndroidManifest.xml:19:80-105
application
ADDED from build-WarOfAircraft_key14-Android-Debug\android-build\AndroidManifest.xml:21:5-91:19
	android:extractNativeLibs
		ADDED from build-WarOfAircraft_key14-Android-Debug\android-build\AndroidManifest.xml:21:147-179
	android:label
		ADDED from build-WarOfAircraft_key14-Android-Debug\android-build\AndroidManifest.xml:21:117-146
	android:hardwareAccelerated
		ADDED from build-WarOfAircraft_key14-Android-Debug\android-build\AndroidManifest.xml:21:18-52
	android:icon
		ADDED from build-WarOfAircraft_key14-Android-Debug\android-build\AndroidManifest.xml:21:180-209
	android:name
		ADDED from build-WarOfAircraft_key14-Android-Debug\android-build\AndroidManifest.xml:21:53-116
activity#org.qtproject.qt5.android.bindings.QtActivity
ADDED from build-WarOfAircraft_key14-Android-Debug\android-build\AndroidManifest.xml:22:9-87:16
	android:screenOrientation
		ADDED from build-WarOfAircraft_key14-Android-Debug\android-build\AndroidManifest.xml:22:274-313
	android:label
		ADDED from build-WarOfAircraft_key14-Android-Debug\android-build\AndroidManifest.xml:22:250-273
	android:launchMode
		ADDED from build-WarOfAircraft_key14-Android-Debug\android-build\AndroidManifest.xml:22:314-344
	android:configChanges
		ADDED from build-WarOfAircraft_key14-Android-Debug\android-build\AndroidManifest.xml:22:19-188
	android:name
		ADDED from build-WarOfAircraft_key14-Android-Debug\android-build\AndroidManifest.xml:22:189-249
intent-filter#action:name:android.intent.action.MAIN+category:name:android.intent.category.LAUNCHER
ADDED from build-WarOfAircraft_key14-Android-Debug\android-build\AndroidManifest.xml:23:13-26:29
action#android.intent.action.MAIN
ADDED from build-WarOfAircraft_key14-Android-Debug\android-build\AndroidManifest.xml:24:17-68
	android:name
		ADDED from build-WarOfAircraft_key14-Android-Debug\android-build\AndroidManifest.xml:24:25-66
category#android.intent.category.LAUNCHER
ADDED from build-WarOfAircraft_key14-Android-Debug\android-build\AndroidManifest.xml:25:17-76
	android:name
		ADDED from build-WarOfAircraft_key14-Android-Debug\android-build\AndroidManifest.xml:25:27-74
meta-data#android.app.lib_name
ADDED from build-WarOfAircraft_key14-Android-Debug\android-build\AndroidManifest.xml:32:13-91
	android:value
		ADDED from build-WarOfAircraft_key14-Android-Debug\android-build\AndroidManifest.xml:32:60-89
	android:name
		ADDED from build-WarOfAircraft_key14-Android-Debug\android-build\AndroidManifest.xml:32:24-59
meta-data#android.app.qt_sources_resource_id
ADDED from build-WarOfAircraft_key14-Android-Debug\android-build\AndroidManifest.xml:33:13-112
	android:resource
		ADDED from build-WarOfAircraft_key14-Android-Debug\android-build\AndroidManifest.xml:33:74-110
	android:name
		ADDED from build-WarOfAircraft_key14-Android-Debug\android-build\AndroidManifest.xml:33:24-73
meta-data#android.app.repository
ADDED from build-WarOfAircraft_key14-Android-Debug\android-build\AndroidManifest.xml:34:13-87
	android:value
		ADDED from build-WarOfAircraft_key14-Android-Debug\android-build\AndroidManifest.xml:34:62-85
	android:name
		ADDED from build-WarOfAircraft_key14-Android-Debug\android-build\AndroidManifest.xml:34:24-61
meta-data#android.app.qt_libs_resource_id
ADDED from build-WarOfAircraft_key14-Android-Debug\android-build\AndroidManifest.xml:35:13-106
	android:resource
		ADDED from build-WarOfAircraft_key14-Android-Debug\android-build\AndroidManifest.xml:35:71-104
	android:name
		ADDED from build-WarOfAircraft_key14-Android-Debug\android-build\AndroidManifest.xml:35:24-70
meta-data#android.app.bundled_libs_resource_id
ADDED from build-WarOfAircraft_key14-Android-Debug\android-build\AndroidManifest.xml:36:13-116
	android:resource
		ADDED from build-WarOfAircraft_key14-Android-Debug\android-build\AndroidManifest.xml:36:76-114
	android:name
		ADDED from build-WarOfAircraft_key14-Android-Debug\android-build\AndroidManifest.xml:36:24-75
meta-data#android.app.bundle_local_qt_libs
ADDED from build-WarOfAircraft_key14-Android-Debug\android-build\AndroidManifest.xml:38:13-91
	android:value
		ADDED from build-WarOfAircraft_key14-Android-Debug\android-build\AndroidManifest.xml:38:72-89
	android:name
		ADDED from build-WarOfAircraft_key14-Android-Debug\android-build\AndroidManifest.xml:38:24-71
meta-data#android.app.use_local_qt_libs
ADDED from build-WarOfAircraft_key14-Android-Debug\android-build\AndroidManifest.xml:41:13-88
	android:value
		ADDED from build-WarOfAircraft_key14-Android-Debug\android-build\AndroidManifest.xml:41:69-86
	android:name
		ADDED from build-WarOfAircraft_key14-Android-Debug\android-build\AndroidManifest.xml:41:24-68
meta-data#android.app.libs_prefix
ADDED from build-WarOfAircraft_key14-Android-Debug\android-build\AndroidManifest.xml:42:13-100
	android:value
		ADDED from build-WarOfAircraft_key14-Android-Debug\android-build\AndroidManifest.xml:42:63-98
	android:name
		ADDED from build-WarOfAircraft_key14-Android-Debug\android-build\AndroidManifest.xml:42:24-62
meta-data#android.app.load_local_libs_resource_id
ADDED from build-WarOfAircraft_key14-Android-Debug\android-build\AndroidManifest.xml:43:13-122
	android:resource
		ADDED from build-WarOfAircraft_key14-Android-Debug\android-build\AndroidManifest.xml:43:79-120
	android:name
		ADDED from build-WarOfAircraft_key14-Android-Debug\android-build\AndroidManifest.xml:43:24-78
meta-data#android.app.load_local_jars
ADDED from build-WarOfAircraft_key14-Android-Debug\android-build\AndroidManifest.xml:44:13-171
	android:value
		ADDED from build-WarOfAircraft_key14-Android-Debug\android-build\AndroidManifest.xml:44:67-169
	android:name
		ADDED from build-WarOfAircraft_key14-Android-Debug\android-build\AndroidManifest.xml:44:24-66
meta-data#android.app.static_init_classes
ADDED from build-WarOfAircraft_key14-Android-Debug\android-build\AndroidManifest.xml:45:13-143
	android:value
		ADDED from build-WarOfAircraft_key14-Android-Debug\android-build\AndroidManifest.xml:45:71-141
	android:name
		ADDED from build-WarOfAircraft_key14-Android-Debug\android-build\AndroidManifest.xml:45:24-70
meta-data#android.app.ministro_not_found_msg
ADDED from build-WarOfAircraft_key14-Android-Debug\android-build\AndroidManifest.xml:49:13-122
	android:value
		ADDED from build-WarOfAircraft_key14-Android-Debug\android-build\AndroidManifest.xml:49:24-70
	android:name
		ADDED from build-WarOfAircraft_key14-Android-Debug\android-build\AndroidManifest.xml:49:71-120
meta-data#android.app.ministro_needed_msg
ADDED from build-WarOfAircraft_key14-Android-Debug\android-build\AndroidManifest.xml:50:13-116
	android:value
		ADDED from build-WarOfAircraft_key14-Android-Debug\android-build\AndroidManifest.xml:50:24-67
	android:name
		ADDED from build-WarOfAircraft_key14-Android-Debug\android-build\AndroidManifest.xml:50:68-114
meta-data#android.app.fatal_error_msg
ADDED from build-WarOfAircraft_key14-Android-Debug\android-build\AndroidManifest.xml:51:13-108
	android:value
		ADDED from build-WarOfAircraft_key14-Android-Debug\android-build\AndroidManifest.xml:51:24-63
	android:name
		ADDED from build-WarOfAircraft_key14-Android-Debug\android-build\AndroidManifest.xml:51:64-106
meta-data#android.app.unsupported_android_version
ADDED from build-WarOfAircraft_key14-Android-Debug\android-build\AndroidManifest.xml:52:13-132
	android:value
		ADDED from build-WarOfAircraft_key14-Android-Debug\android-build\AndroidManifest.xml:52:24-75
	android:name
		ADDED from build-WarOfAircraft_key14-Android-Debug\android-build\AndroidManifest.xml:52:76-130
meta-data#android.app.background_running
ADDED from build-WarOfAircraft_key14-Android-Debug\android-build\AndroidManifest.xml:71:13-93
	android:value
		ADDED from build-WarOfAircraft_key14-Android-Debug\android-build\AndroidManifest.xml:71:70-91
	android:name
		ADDED from build-WarOfAircraft_key14-Android-Debug\android-build\AndroidManifest.xml:71:24-69
meta-data#android.app.auto_screen_scale_factor
ADDED from build-WarOfAircraft_key14-Android-Debug\android-build\AndroidManifest.xml:75:13-99
	android:value
		ADDED from build-WarOfAircraft_key14-Android-Debug\android-build\AndroidManifest.xml:75:76-97
	android:name
		ADDED from build-WarOfAircraft_key14-Android-Debug\android-build\AndroidManifest.xml:75:24-75
meta-data#android.app.extract_android_style
ADDED from build-WarOfAircraft_key14-Android-Debug\android-build\AndroidManifest.xml:85:13-98
	android:value
		ADDED from build-WarOfAircraft_key14-Android-Debug\android-build\AndroidManifest.xml:85:73-96
	android:name
		ADDED from build-WarOfAircraft_key14-Android-Debug\android-build\AndroidManifest.xml:85:24-72